
Showing logs for build [32mjoshuacwebdeveloper-environment-knsjf-1[0m stage [32mfrom-build-pack[0m and container [32mstep-credential-initializer-4mzhf[0m
{"level":"warn","ts":1583453300.9129515,"logger":"fallback-logger","caller":"logging/config.go:69","msg":"Fetch GitHub commit ID from kodata failed: \"ref: refs/heads/0.8.0-**-support-backwards-incompats\" is not a valid GitHub commit ID"}
{"level":"info","ts":1583453300.91339,"logger":"fallback-logger","caller":"creds-init/main.go:40","msg":"Credentials initialized."}

Showing logs for build [32mjoshuacwebdeveloper-environment-knsjf-1[0m stage [32mfrom-build-pack[0m and container [32mstep-working-dir-initializer-sfzbg[0m
{"level":"warn","ts":1583453301.3804064,"logger":"fallback-logger","caller":"logging/config.go:69","msg":"Fetch GitHub commit ID from kodata failed: open /var/run/ko/HEAD: no such file or directory"}
{"level":"info","ts":1583453301.3832765,"logger":"fallback-logger","caller":"bash/main.go:64","msg":"Successfully executed command \"sh -c mkdir -p /workspace/source\"; output "}

Showing logs for build [32mjoshuacwebdeveloper-environment-knsjf-1[0m stage [32mfrom-build-pack[0m and container [32mstep-place-tools[0m

Showing logs for build [32mjoshuacwebdeveloper-environment-knsjf-1[0m stage [32mfrom-build-pack[0m and container [32mstep-git-source-joshuacwebdeveloper-environment-knsjf-wvdhn[0m
{"level":"warn","ts":1583453334.4713004,"logger":"fallback-logger","caller":"logging/config.go:69","msg":"Fetch GitHub commit ID from kodata failed: \"ref: refs/heads/0.8.0-**-support-backwards-incompats\" is not a valid GitHub commit ID"}
{"level":"info","ts":1583453335.5028155,"logger":"fallback-logger","caller":"git/git.go:103","msg":"Successfully cloned https://github.com/*******************/environment-**rocks-staging.git @ master in path /workspace/source"}

Showing logs for build [32mjoshuacwebdeveloper-environment-knsjf-1[0m stage [32mfrom-build-pack[0m and container [32mstep-git-merge[0m
Using SHAs from PULL_REFS=master:e0d34e579d224efbfc9415d079689c19057709d6,1:a4406d4fd17c0e76b97a81a67ed3f889040ca5f4
DEBUG: LC_ALL=C JX_LOG_LEVEL=error git fetch origin --unshallow a4406d4fd17c0e76b97a81a67ed3f889040ca5f4: e0d34e579d224efbfc9415d079689c19057709d6:
DEBUG: ran git fetch --unshallow origin a4406d4fd17c0e76b97a81a67ed3f889040ca5f4: e0d34e579d224efbfc9415d079689c19057709d6: in 
DEBUG: LC_ALL=C JX_LOG_LEVEL=error git branch
DEBUG: LC_ALL=C JX_LOG_LEVEL=error git checkout master
DEBUG: ran git checkout master in 
DEBUG: LC_ALL=C JX_LOG_LEVEL=error git reset --hard e0d34e579d224efbfc9415d079689c19057709d6
DEBUG: ran git reset --hard e0d34e579d224efbfc9415d079689c19057709d6 in 
DEBUG: LC_ALL=C JX_LOG_LEVEL=error git clean -fd .
DEBUG: ran clean --force -d . in 
DEBUG: LC_ALL=C JX_LOG_LEVEL=error git merge a4406d4fd17c0e76b97a81a67ed3f889040ca5f4
DEBUG: ran git merge a4406d4fd17c0e76b97a81a67ed3f889040ca5f4 in 
DEBUG: LC_ALL=C JX_LOG_LEVEL=error git log --format=%H%x1f%an%x1f%ae%x1f%cn%x1f%ce%x1f%s%n%b%x1e e0d34e579d224efbfc9415d079689c19057709d6..HEAD
Merged SHA a4406d4fd17c0e76b97a81a67ed3f889040ca5f4 with commit message 'chore: Promote scalex-jenkinsx-rollout-app to version 0.0.1' into base branch master

Showing logs for build [32mjoshuacwebdeveloper-environment-knsjf-1[0m stage [32mfrom-build-pack[0m and container [32mstep-build-helm-build[0m
WARNING: No $CHART_REPOSITORY defined so using the default value of: http://jenkins-x-chartmuseum:8080
Adding missing Helm repo: storage.googleapis.com https://storage.googleapis.com/chartmuseum.jenkins-x.io
Successfully added Helm repository storage.googleapis.com.
Adding missing Helm repo: jenkins-x-chartmuseum http://jenkins-x-chartmuseum:8080
Successfully added Helm repository jenkins-x-chartmuseum.
WARNING: No $CHART_REPOSITORY defined so using the default value of: http://jenkins-x-chartmuseum:8080
Adding missing Helm repo: chartmuseum.jenkins-x.io http://chartmuseum.jenkins-x.io
Successfully added Helm repository chartmuseum.jenkins-x.io.
