
Showing logs for build [32mjoshuacwebdeveloper-environment-85j5r-1[0m stage [32mfrom-build-pack[0m and container [32mstep-credential-initializer-dg5n5[0m
{"level":"warn","ts":1583453421.8303883,"logger":"fallback-logger","caller":"logging/config.go:69","msg":"Fetch GitHub commit ID from kodata failed: \"ref: refs/heads/0.8.0-**-support-backwards-incompats\" is not a valid GitHub commit ID"}
{"level":"info","ts":1583453421.8317559,"logger":"fallback-logger","caller":"creds-init/main.go:40","msg":"Credentials initialized."}

Showing logs for build [32mjoshuacwebdeveloper-environment-85j5r-1[0m stage [32mfrom-build-pack[0m and container [32mstep-working-dir-initializer-4zrwb[0m
{"level":"warn","ts":1583453422.7938297,"logger":"fallback-logger","caller":"logging/config.go:69","msg":"Fetch GitHub commit ID from kodata failed: open /var/run/ko/HEAD: no such file or directory"}
{"level":"info","ts":1583453422.7974596,"logger":"fallback-logger","caller":"bash/main.go:64","msg":"Successfully executed command \"sh -c mkdir -p /workspace/source\"; output "}

Showing logs for build [32mjoshuacwebdeveloper-environment-85j5r-1[0m stage [32mfrom-build-pack[0m and container [32mstep-place-tools[0m

Showing logs for build [32mjoshuacwebdeveloper-environment-85j5r-1[0m stage [32mfrom-build-pack[0m and container [32mstep-git-source-joshuacwebdeveloper-environment-85j5r-nqzlg[0m
{"level":"warn","ts":1583453430.0644228,"logger":"fallback-logger","caller":"logging/config.go:69","msg":"Fetch GitHub commit ID from kodata failed: \"ref: refs/heads/0.8.0-**-support-backwards-incompats\" is not a valid GitHub commit ID"}
{"level":"info","ts":1583453431.3153806,"logger":"fallback-logger","caller":"git/git.go:103","msg":"Successfully cloned https://github.com/*******************/environment-**rocks-staging.git @ v0.0.1 in path /workspace/source"}

Showing logs for build [32mjoshuacwebdeveloper-environment-85j5r-1[0m stage [32mfrom-build-pack[0m and container [32mstep-git-merge[0m
Using SHAs from PULL_REFS=master:e302dbf8f18162433cc15252ff1485c445dcddd4
WARNING: no SHAs to merge, falling back to initial cloned commit

Showing logs for build [32mjoshuacwebdeveloper-environment-85j5r-1[0m stage [32mfrom-build-pack[0m and container [32mstep-setup-jx-git-credentials[0m
Generated Git credentials file /builder/home/git/credentials

Showing logs for build [32mjoshuacwebdeveloper-environment-85j5r-1[0m stage [32mfrom-build-pack[0m and container [32mstep-build-helm-apply[0m
Modified file /workspace/source/env/Chart.yaml to set the chart to version 1
Namespace **-staging created 
Ignoring templates/.gitignore
Ignoring templates/wildcardcert-secret.yaml
WARNING: No $CHART_REPOSITORY defined so using the default value of: http://jenkins-x-chartmuseum:8080
Adding missing Helm repo: storage.googleapis.com https://storage.googleapis.com/chartmuseum.jenkins-x.io
Successfully added Helm repository storage.googleapis.com.
Adding missing Helm repo: jenkins-x-chartmuseum http://jenkins-x-chartmuseum:8080
Successfully added Helm repository jenkins-x-chartmuseum.
WARNING: No $CHART_REPOSITORY defined so using the default value of: http://jenkins-x-chartmuseum:8080
Adding missing Helm repo: chartmuseum.jenkins-x.io http://chartmuseum.jenkins-x.io
Successfully added Helm repository chartmuseum.jenkins-x.io.

