
Showing logs for build [32mjoshuacwebdeveloper-environment-w5gvw-1[0m stage [32mfrom-build-pack[0m and container [32mstep-credential-initializer-nbb7x[0m
{"level":"warn","ts":1583454270.9185245,"logger":"fallback-logger","caller":"logging/config.go:69","msg":"Fetch GitHub commit ID from kodata failed: \"ref: refs/heads/0.8.0-**-support-backwards-incompats\" is not a valid GitHub commit ID"}
{"level":"info","ts":1583454270.923047,"logger":"fallback-logger","caller":"creds-init/main.go:40","msg":"Credentials initialized."}

Showing logs for build [32mjoshuacwebdeveloper-environment-w5gvw-1[0m stage [32mfrom-build-pack[0m and container [32mstep-working-dir-initializer-b4xws[0m
{"level":"warn","ts":1583454271.764934,"logger":"fallback-logger","caller":"logging/config.go:69","msg":"Fetch GitHub commit ID from kodata failed: open /var/run/ko/HEAD: no such file or directory"}
{"level":"info","ts":1583454271.7699008,"logger":"fallback-logger","caller":"bash/main.go:64","msg":"Successfully executed command \"sh -c mkdir -p /workspace/source\"; output "}

Showing logs for build [32mjoshuacwebdeveloper-environment-w5gvw-1[0m stage [32mfrom-build-pack[0m and container [32mstep-place-tools[0m

Showing logs for build [32mjoshuacwebdeveloper-environment-w5gvw-1[0m stage [32mfrom-build-pack[0m and container [32mstep-git-source-joshuacwebdeveloper-environment-w5gvw-m6qjl[0m
{"level":"warn","ts":1583454276.9827065,"logger":"fallback-logger","caller":"logging/config.go:69","msg":"Fetch GitHub commit ID from kodata failed: \"ref: refs/heads/0.8.0-**-support-backwards-incompats\" is not a valid GitHub commit ID"}
{"level":"info","ts":1583454277.281603,"logger":"fallback-logger","caller":"git/git.go:103","msg":"Successfully cloned https://github.com/*******************/environment-**rocks-staging.git @ master in path /workspace/source"}

Showing logs for build [32mjoshuacwebdeveloper-environment-w5gvw-1[0m stage [32mfrom-build-pack[0m and container [32mstep-git-merge[0m
Using SHAs from PULL_REFS=master:e302dbf8f18162433cc15252ff1485c445dcddd4,3:416d3fddc2ef14307b63ea87563da891c7180d94
DEBUG: JX_LOG_LEVEL=error LC_ALL=C git fetch origin --unshallow 416d3fddc2ef14307b63ea87563da891c7180d94: e302dbf8f18162433cc15252ff1485c445dcddd4:
DEBUG: ran git fetch --unshallow origin 416d3fddc2ef14307b63ea87563da891c7180d94: e302dbf8f18162433cc15252ff1485c445dcddd4: in 
DEBUG: LC_ALL=C JX_LOG_LEVEL=error git branch
DEBUG: LC_ALL=C JX_LOG_LEVEL=error git checkout master
DEBUG: ran git checkout master in 
DEBUG: LC_ALL=C JX_LOG_LEVEL=error git reset --hard e302dbf8f18162433cc15252ff1485c445dcddd4
DEBUG: ran git reset --hard e302dbf8f18162433cc15252ff1485c445dcddd4 in 
DEBUG: LC_ALL=C JX_LOG_LEVEL=error git clean -fd .
DEBUG: ran clean --force -d . in 
DEBUG: LC_ALL=C JX_LOG_LEVEL=error git merge 416d3fddc2ef14307b63ea87563da891c7180d94
DEBUG: ran git merge 416d3fddc2ef14307b63ea87563da891c7180d94 in 
DEBUG: LC_ALL=C JX_LOG_LEVEL=error git log --format=%H%x1f%an%x1f%ae%x1f%cn%x1f%ce%x1f%s%n%b%x1e e302dbf8f18162433cc15252ff1485c445dcddd4..HEAD
Merged SHA 416d3fddc2ef14307b63ea87563da891c7180d94 with commit message 'chore: Promote skiapp to version 0.0.43' into base branch master

Showing logs for build [32mjoshuacwebdeveloper-environment-w5gvw-1[0m stage [32mfrom-build-pack[0m and container [32mstep-build-helm-build[0m
WARNING: No $CHART_REPOSITORY defined so using the default value of: http://jenkins-x-chartmuseum:8080
Adding missing Helm repo: storage.googleapis.com https://storage.googleapis.com/chartmuseum.jenkins-x.io
Successfully added Helm repository storage.googleapis.com.
Adding missing Helm repo: jenkins-x-chartmuseum http://jenkins-x-chartmuseum:8080
Successfully added Helm repository jenkins-x-chartmuseum.
WARNING: No $CHART_REPOSITORY defined so using the default value of: http://jenkins-x-chartmuseum:8080
Adding missing Helm repo: chartmuseum.jenkins-x.io http://chartmuseum.jenkins-x.io
Successfully added Helm repository chartmuseum.jenkins-x.io.
